<?xml version="1.0" encoding="UTF-8"?>
<!-- Generated by org.testng.reporters.JUnitReportReporter -->
<testsuite hostname="LTIN593314" failures="0" tests="1" name="testNGTests.giftCardsPageTest" time="6.385" errors="0" timestamp="2025-04-21T09:14:58 IST" skipped="0">
  <testcase classname="testNGTests.giftCardsPageTest" name="selection" time="6.385"/>
  <system-out/>
</testsuite> <!-- testNGTests.giftCardsPageTest -->
