<?xml version="1.0" encoding="UTF-8"?>
<!-- Generated by org.testng.reporters.JUnitReportReporter -->
<testsuite hostname="LTIN593314" failures="0" tests="6" name="testNGTests.oneWayCabSearchTest" time="63.906" errors="0" timestamp="2025-04-21T09:14:58 IST" skipped="0">
  <testcase classname="testNGTests.oneWayCabSearchTest" name="sourceSelection" time="4.575"/>
  <system-out/>
  <testcase classname="testNGTests.oneWayCabSearchTest" name="destinationSelection" time="3.706"/>
  <system-out/>
  <testcase classname="testNGTests.oneWayCabSearchTest" name="departure" time="1.952"/>
  <system-out/>
  <testcase classname="testNGTests.oneWayCabSearchTest" name="pickUp" time="13.144"/>
  <system-out/>
  <testcase classname="testNGTests.oneWayCabSearchTest" name="filters" time="6.434"/>
  <system-out/>
  <testcase classname="testNGTests.oneWayCabSearchTest" name="lowestPrices" time="34.095"/>
  <system-out/>
</testsuite> <!-- testNGTests.oneWayCabSearchTest -->
