<?xml version="1.0" encoding="UTF-8"?>
<!-- Generated by org.testng.reporters.JUnitReportReporter -->
<testsuite hostname="LTIN593314" failures="0" tests="2" name="testNGTests.cardDetailsTest" time="3.930" errors="0" timestamp="2025-04-21T09:14:58 IST" skipped="0">
  <testcase classname="testNGTests.cardDetailsTest" name="customerDetails" time="2.728"/>
  <system-out/>
  <testcase classname="testNGTests.cardDetailsTest" name="senderDetails" time="1.202"/>
  <system-out/>
</testsuite> <!-- testNGTests.cardDetailsTest -->
