<?xml version="1.0" encoding="UTF-8"?>
<!-- Generated by org.testng.reporters.JUnitReportReporter -->
<testsuite hostname="LTIN593314" failures="0" tests="1" name="testNGTests.homePageTest" time="3.413" errors="0" timestamp="2025-04-21T09:14:58 IST" skipped="0">
  <testcase classname="testNGTests.homePageTest" name="closePopUp" time="3.413"/>
  <system-out/>
</testsuite> <!-- testNGTests.homePageTest -->
